<?xml version="1.0" encoding="UTF-8"?>
<testng-results skipped="0" failed="0" ignored="0" total="1" passed="1">
  <reporter-output>
  </reporter-output>
  <suite name="Default suite" duration-ms="55" started-at="2019-05-28T22:25:10Z" finished-at="2019-05-28T22:25:10Z">
    <groups>
    </groups>
    <test name="Default test" duration-ms="55" started-at="2019-05-28T22:25:10Z" finished-at="2019-05-28T22:25:10Z">
      <class name="com.class9.test">
        <test-method status="PASS" signature="helloWorld()[pri:0, instance:com.class9.test@5d5eef3d]" name="helloWorld" duration-ms="22" started-at="2019-05-28T22:25:10Z" finished-at="2019-05-28T22:25:10Z">
          <reporter-output>
          </reporter-output>
        </test-method> <!-- helloWorld -->
      </class> <!-- com.class9.test -->
    </test> <!-- Default test -->
  </suite> <!-- Default suite -->
</testng-results>
